<?xml version="1.0" encoding="UTF-8"?>
<!-- Generated by org.testng.reporters.JUnitXMLReporter -->
<testsuite ignored="1" hostname="Natasha" failures="1" tests="1" name="Surefire test" time="11.379" errors="0" timestamp="2023-09-01T20:47:45 KST">
  <testcase classname="BaseTest.BaseTest" name="@AfterClass tearDown" time="0.001">
    <failure type="java.lang.NullPointerException" message="Cannot invoke &amp;quot;org.openqa.selenium.WebDriver.quit()&amp;quot; because &amp;quot;this.driver&amp;quot; is null">
      <![CDATA[java.lang.NullPointerException: Cannot invoke "org.openqa.selenium.WebDriver.quit()" because "this.driver" is null
at BaseTest.BaseTest.tearDown(BaseTest.java:27)
at java.base/java.util.ArrayList.forEach(ArrayList.java:1511)
... Removed 28 stack frames]]>
    </failure>
  </testcase> <!-- @AfterClass tearDown -->
  <testcase classname="Tests.CatProductsComparisonTest" name="testCompareCatProducts" time="0.04">
    <failure type="java.lang.NullPointerException" message="Cannot invoke &amp;quot;Pages.HomePage.chooseTreats()&amp;quot; because &amp;quot;this.HomePage&amp;quot; is null">
      <![CDATA[java.lang.NullPointerException: Cannot invoke "Pages.HomePage.chooseTreats()" because "this.HomePage" is null
at Tests.CatProductsComparisonTest.testCompareCatProducts(CatProductsComparisonTest.java:17)
at java.base/java.util.ArrayList.forEach(ArrayList.java:1511)
... Removed 30 stack frames]]>
    </failure>
  </testcase> <!-- testCompareCatProducts -->
  <testcase classname="BaseTest.BaseTest" name="@BeforeTest setUp" time="0.0">
    <ignored/>
  </testcase> <!-- @BeforeTest setUp -->
</testsuite> <!-- Surefire test -->
